EDA Netlist Writer report for CPU_Subsystem_8_bit
Thu Feb 20 13:47:04 2014
Quartus II 64-Bit Version 13.1.0 Build 162 10/23/2013 SJ Web Edition


---------------------
; Table of Contents ;
---------------------
  1. Legal Notice
  2. EDA Netlist Writer Summary
  3. EDA Netlist Writer Messages



----------------
; Legal Notice ;
----------------
Copyright (C) 1991-2013 Altera Corporation
Your use of Altera Corporation's design tools, logic functions 
and other software and tools, and its AMPP partner logic 
functions, and any output files from any of the foregoing 
(including device programming or simulation files), and any 
associated documentation or information are expressly subject 
to the terms and conditions of the Altera Program License 
Subscription Agreement, Altera MegaCore Function License 
Agreement, or other applicable license agreement, including, 
without limitation, that your use is for the sole purpose of 
programming logic devices manufactured by Altera and sold by 
Altera or its authorized distributors.  Please refer to the 
applicable agreement for further details.



+-------------------------------------------------------------------+
; EDA Netlist Writer Summary                                        ;
+---------------------------+---------------------------------------+
; EDA Netlist Writer Status ; Successful - Thu Feb 20 13:47:04 2014 ;
; Revision Name             ; CPU_Subsystem_8_bit                   ;
; Top-level Entity Name     ; CPU_Subsystem_8_bit_SCM               ;
; Family                    ; Cyclone V                             ;
+---------------------------+---------------------------------------+


+-----------------------------+
; EDA Netlist Writer Messages ;
+-----------------------------+
Info: *******************************************************************
Info: Running Quartus II 64-Bit EDA Netlist Writer
    Info: Version 13.1.0 Build 162 10/23/2013 SJ Web Edition
    Info: Processing started: Thu Feb 20 13:47:02 2014
Info: Command: quartus_eda --read_settings_files=off --write_settings_files=off matlab2vhdl -c CPU_Subsystem_8_bit
Warning (11101): Unable to generate the VHDL EDA simulation netlist files because the Quartus II software does not currently support VHDL post-compilation simulation for the Cyclone V devices.
Info: Quartus II 64-Bit EDA Netlist Writer was successful. 0 errors, 1 warning
    Info: Peak virtual memory: 514 megabytes
    Info: Processing ended: Thu Feb 20 13:47:05 2014
    Info: Elapsed time: 00:00:03
    Info: Total CPU time (on all processors): 00:00:01


