Flow report for CPU_Subsystem_8_bit
Tue Aug 26 14:43:59 2014
Quartus II 64-Bit Version 14.0.0 Build 200 06/17/2014 SJ Web Edition


---------------------
; Table of Contents ;
---------------------
  1. Legal Notice
  2. Flow Summary
  3. Flow Settings
  4. Flow Non-Default Global Settings
  5. Flow Elapsed Time
  6. Flow OS Summary
  7. Flow Log
  8. Flow Messages
  9. Flow Suppressed Messages



----------------
; Legal Notice ;
----------------
Copyright (C) 1991-2014 Altera Corporation. All rights reserved.
Your use of Altera Corporation's design tools, logic functions 
and other software and tools, and its AMPP partner logic 
functions, and any output files from any of the foregoing 
(including device programming or simulation files), and any 
associated documentation or information are expressly subject 
to the terms and conditions of the Altera Program License 
Subscription Agreement, the Altera Quartus II License Agreement,
the Altera MegaCore Function License Agreement, or other 
applicable license agreement, including, without limitation, 
that your use is for the sole purpose of programming logic 
devices manufactured by Altera and sold by Altera or its 
authorized distributors.  Please refer to the applicable 
agreement for further details.



+------------------------------------------------------------------------------+
; Flow Summary                                                                 ;
+---------------------------------+--------------------------------------------+
; Flow Status                     ; Successful - Tue Aug 26 14:43:59 2014      ;
; Quartus II 64-Bit Version       ; 14.0.0 Build 200 06/17/2014 SJ Web Edition ;
; Revision Name                   ; CPU_Subsystem_8_bit                        ;
; Top-level Entity Name           ; CPU_Subsystem_8_bit_SCM                    ;
; Family                          ; Cyclone V                                  ;
; Device                          ; 5CSXFC6D6F31C8ES                           ;
; Timing Models                   ; Preliminary                                ;
; Logic utilization (in ALMs)     ; 1,277 / 41,910 ( 3 % )                     ;
; Total registers                 ; 2161                                       ;
; Total pins                      ; 21 / 499 ( 4 % )                           ;
; Total virtual pins              ; 0                                          ;
; Total block memory bits         ; 0 / 5,662,720 ( 0 % )                      ;
; Total DSP Blocks                ; 0 / 112 ( 0 % )                            ;
; Total HSSI RX PCSs              ; 0 / 9 ( 0 % )                              ;
; Total HSSI PMA RX Deserializers ; 0 / 9 ( 0 % )                              ;
; Total HSSI TX PCSs              ; 0 / 9 ( 0 % )                              ;
; Total HSSI PMA TX Serializers   ; 0 / 9 ( 0 % )                              ;
; Total PLLs                      ; 0 / 15 ( 0 % )                             ;
; Total DLLs                      ; 0 / 4 ( 0 % )                              ;
+---------------------------------+--------------------------------------------+


+-----------------------------------------+
; Flow Settings                           ;
+-------------------+---------------------+
; Option            ; Setting             ;
+-------------------+---------------------+
; Start date & time ; 08/26/2014 14:41:24 ;
; Main task         ; Compilation         ;
; Revision Name     ; CPU_Subsystem_8_bit ;
+-------------------+---------------------+


+----------------------------------------------------------------------------------------------------------------------------------------+
; Flow Non-Default Global Settings                                                                                                       ;
+-------------------------------------+---------------------------------+---------------------+-------------------------+----------------+
; Assignment Name                     ; Value                           ; Default Value       ; Entity Name             ; Section Id     ;
+-------------------------------------+---------------------------------+---------------------+-------------------------+----------------+
; COMPILER_SIGNATURE_ID               ; 149890844416506.140908928401992 ; --                  ; --                      ; --             ;
; EDA_OUTPUT_DATA_FORMAT              ; Vhdl                            ; --                  ; --                      ; eda_simulation ;
; EDA_SIMULATION_TOOL                 ; ModelSim-Altera (VHDL)          ; <None>              ; --                      ; --             ;
; MAX_CORE_JUNCTION_TEMP              ; 85                              ; --                  ; --                      ; --             ;
; MIN_CORE_JUNCTION_TEMP              ; 0                               ; --                  ; --                      ; --             ;
; PARTITION_COLOR                     ; 16764057                        ; --                  ; CPU_Subsystem_8_bit_SCM ; Top            ;
; PARTITION_FITTER_PRESERVATION_LEVEL ; PLACEMENT_AND_ROUTING           ; --                  ; CPU_Subsystem_8_bit_SCM ; Top            ;
; PARTITION_NETLIST_TYPE              ; SOURCE                          ; --                  ; CPU_Subsystem_8_bit_SCM ; Top            ;
; PROJECT_OUTPUT_DIRECTORY            ; output_files                    ; --                  ; --                      ; --             ;
; TOP_LEVEL_ENTITY                    ; CPU_Subsystem_8_bit_SCM         ; CPU_Subsystem_8_bit ; --                      ; --             ;
+-------------------------------------+---------------------------------+---------------------+-------------------------+----------------+


+-------------------------------------------------------------------------------------------------------------------------------+
; Flow Elapsed Time                                                                                                             ;
+---------------------------+--------------+-------------------------+---------------------+------------------------------------+
; Module Name               ; Elapsed Time ; Average Processors Used ; Peak Virtual Memory ; Total CPU Time (on all processors) ;
+---------------------------+--------------+-------------------------+---------------------+------------------------------------+
; Analysis & Synthesis      ; 00:00:07     ; 1.0                     ; 668 MB              ; 00:00:07                           ;
; Fitter                    ; 00:01:47     ; 2.8                     ; 2157 MB             ; 00:02:32                           ;
; Assembler                 ; 00:00:14     ; 1.0                     ; 684 MB              ; 00:00:14                           ;
; TimeQuest Timing Analyzer ; 00:00:16     ; 2.1                     ; 1011 MB             ; 00:00:26                           ;
; EDA Netlist Writer        ; 00:00:02     ; 1.0                     ; 569 MB              ; 00:00:02                           ;
; Total                     ; 00:02:26     ; --                      ; --                  ; 00:03:21                           ;
+---------------------------+--------------+-------------------------+---------------------+------------------------------------+


+----------------------------------------------------------------------------------------+
; Flow OS Summary                                                                        ;
+---------------------------+------------------+-----------+------------+----------------+
; Module Name               ; Machine Hostname ; OS Name   ; OS Version ; Processor type ;
+---------------------------+------------------+-----------+------------+----------------+
; Analysis & Synthesis      ; ghimirews1       ; Windows 7 ; 6.1        ; x86_64         ;
; Fitter                    ; ghimirews1       ; Windows 7 ; 6.1        ; x86_64         ;
; Assembler                 ; ghimirews1       ; Windows 7 ; 6.1        ; x86_64         ;
; TimeQuest Timing Analyzer ; ghimirews1       ; Windows 7 ; 6.1        ; x86_64         ;
; EDA Netlist Writer        ; ghimirews1       ; Windows 7 ; 6.1        ; x86_64         ;
+---------------------------+------------------+-----------+------------+----------------+


------------
; Flow Log ;
------------
quartus_map --read_settings_files=on --write_settings_files=off matlab2vhdl -c CPU_Subsystem_8_bit
quartus_fit --read_settings_files=off --write_settings_files=off matlab2vhdl -c CPU_Subsystem_8_bit
quartus_asm --read_settings_files=off --write_settings_files=off matlab2vhdl -c CPU_Subsystem_8_bit
quartus_sta matlab2vhdl -c CPU_Subsystem_8_bit
quartus_eda --read_settings_files=off --write_settings_files=off matlab2vhdl -c CPU_Subsystem_8_bit



